[2025-02-27T13:21:00.551+0000] {taskinstance.py:1159} INFO - Dependencies all met for dep_context=non-requeueable deps ti=<TaskInstance: load_to_hbase.load_into_hbase scheduled__2025-02-26T00:00:00+00:00 [queued]>
[2025-02-27T13:21:00.584+0000] {taskinstance.py:1159} INFO - Dependencies all met for dep_context=requeueable deps ti=<TaskInstance: load_to_hbase.load_into_hbase scheduled__2025-02-26T00:00:00+00:00 [queued]>
[2025-02-27T13:21:00.592+0000] {taskinstance.py:1361} INFO - Starting attempt 2 of 2
[2025-02-27T13:21:00.662+0000] {taskinstance.py:1382} INFO - Executing <Task(PythonOperator): load_into_hbase> on 2025-02-26 00:00:00+00:00
[2025-02-27T13:21:00.693+0000] {standard_task_runner.py:57} INFO - Started process 557 to run task
[2025-02-27T13:21:00.736+0000] {standard_task_runner.py:84} INFO - Running: ['***', 'tasks', 'run', 'load_to_hbase', 'load_into_hbase', 'scheduled__2025-02-26T00:00:00+00:00', '--job-id', '5', '--raw', '--subdir', 'DAGS_FOLDER/load_data.py', '--cfg-path', '/tmp/tmp4kajaflv']
[2025-02-27T13:21:00.756+0000] {standard_task_runner.py:85} INFO - Job 5: Subtask load_into_hbase
[2025-02-27T13:21:01.097+0000] {task_command.py:415} INFO - Running <TaskInstance: load_to_hbase.load_into_hbase scheduled__2025-02-26T00:00:00+00:00 [running]> on host b0117377cc2b
[2025-02-27T13:21:01.458+0000] {taskinstance.py:1660} INFO - Exporting env vars: AIRFLOW_CTX_DAG_OWNER='***' AIRFLOW_CTX_DAG_ID='load_to_hbase' AIRFLOW_CTX_TASK_ID='load_into_hbase' AIRFLOW_CTX_EXECUTION_DATE='2025-02-26T00:00:00+00:00' AIRFLOW_CTX_TRY_NUMBER='2' AIRFLOW_CTX_DAG_RUN_ID='scheduled__2025-02-26T00:00:00+00:00'
[2025-02-27T13:23:09.168+0000] {taskinstance.py:1943} ERROR - Task failed with exception
Traceback (most recent call last):
  File "/opt/airflow/dags/load_data.py", line 62, in load_processed_data
    try:
  File "/home/airflow/.local/lib/python3.9/site-packages/happybase/connection.py", line 242, in tables
    names = self.client.getTableNames()
  File "/home/airflow/.local/lib/python3.9/site-packages/thriftpy2/thrift.py", line 214, in _req
    return self._recv(_api)
  File "/home/airflow/.local/lib/python3.9/site-packages/thriftpy2/thrift.py", line 248, in _recv
    raise v
Hbase_thrift.IOError: IOError(message=b'org.apache.hadoop.hbase.client.RetriesExhaustedException: Failed after attempts=16, exceptions:\nThu Feb 27 13:21:06 GMT 2025, RpcRetryingCaller{globalStartTime=1740662466525, pause=100, maxAttempts=16}, org.apache.hadoop.hbase.MasterNotRunningException: java.io.IOException: org.apache.zookeeper.KeeperException$NoNodeException: KeeperErrorCode = NoNode for /hbase/master\nThu Feb 27 13:21:06 GMT 2025, RpcRetryingCaller{globalStartTime=1740662466525, pause=100, maxAttempts=16}, org.apache.hadoop.hbase.MasterNotRunningException: java.io.IOException: org.apache.zookeeper.KeeperException$NoNodeException: KeeperErrorCode = NoNode for /hbase/master\nThu Feb 27 13:21:06 GMT 2025, RpcRetryingCaller{globalStartTime=1740662466525, pause=100, maxAttempts=16}, org.apache.hadoop.hbase.MasterNotRunningException: java.io.IOException: org.apache.zookeeper.KeeperException$NoNodeException: KeeperErrorCode = NoNode for /hbase/master\nThu Feb 27 13:21:07 GMT 2025, RpcRetryingCaller{globalStartTime=1740662466525, pause=100, maxAttempts=16}, org.apache.hadoop.hbase.MasterNotRunningException: java.io.IOException: org.apache.zookeeper.KeeperException$NoNodeException: KeeperErrorCode = NoNode for /hbase/master\nThu Feb 27 13:21:07 GMT 2025, RpcRetryingCaller{globalStartTime=1740662466525, pause=100, maxAttempts=16}, org.apache.hadoop.hbase.MasterNotRunningException: java.io.IOException: org.apache.zookeeper.KeeperException$NoNodeException: KeeperErrorCode = NoNode for /hbase/master\nThu Feb 27 13:21:08 GMT 2025, RpcRetryingCaller{globalStartTime=1740662466525, pause=100, maxAttempts=16}, org.apache.hadoop.hbase.MasterNotRunningException: java.io.IOException: org.apache.zookeeper.KeeperException$NoNodeException: KeeperErrorCode = NoNode for /hbase/master\nThu Feb 27 13:21:10 GMT 2025, RpcRetryingCaller{globalStartTime=1740662466525, pause=100, maxAttempts=16}, org.apache.hadoop.hbase.MasterNotRunningException: java.io.IOException: org.apache.zookeeper.KeeperException$NoNodeException: KeeperErrorCode = NoNode for /hbase/master\nThu Feb 27 13:21:14 GMT 2025, RpcRetryingCaller{globalStartTime=1740662466525, pause=100, maxAttempts=16}, org.apache.hadoop.hbase.MasterNotRunningException: java.io.IOException: org.apache.zookeeper.KeeperException$NoNodeException: KeeperErrorCode = NoNode for /hbase/master\nThu Feb 27 13:21:24 GMT 2025, RpcRetryingCaller{globalStartTime=1740662466525, pause=100, maxAttempts=16}, org.apache.hadoop.hbase.MasterNotRunningException: java.io.IOException: org.apache.zookeeper.KeeperException$NoNodeException: KeeperErrorCode = NoNode for /hbase/master\nThu Feb 27 13:21:33 GMT 2025, RpcRetryingCaller{globalStartTime=1740662466525, pause=100, maxAttempts=16}, org.apache.hadoop.hbase.MasterNotRunningException: java.io.IOException: org.apache.zookeeper.KeeperException$NoNodeException: KeeperErrorCode = NoNode for /hbase/master\nThu Feb 27 13:21:43 GMT 2025, RpcRetryingCaller{globalStartTime=1740662466525, pause=100, maxAttempts=16}, org.apache.hadoop.hbase.MasterNotRunningException: java.io.IOException: org.apache.zookeeper.KeeperException$NoNodeException: KeeperErrorCode = NoNode for /hbase/master\nThu Feb 27 13:21:53 GMT 2025, RpcRetryingCaller{globalStartTime=1740662466525, pause=100, maxAttempts=16}, org.apache.hadoop.hbase.MasterNotRunningException: java.io.IOException: org.apache.zookeeper.KeeperException$NoNodeException: KeeperErrorCode = NoNode for /hbase/master\nThu Feb 27 13:22:12 GMT 2025, RpcRetryingCaller{globalStartTime=1740662466525, pause=100, maxAttempts=16}, org.apache.hadoop.hbase.MasterNotRunningException: java.io.IOException: org.apache.zookeeper.KeeperException$NoNodeException: KeeperErrorCode = NoNode for /hbase/master\nThu Feb 27 13:22:30 GMT 2025, RpcRetryingCaller{globalStartTime=1740662466525, pause=100, maxAttempts=16}, org.apache.hadoop.hbase.MasterNotRunningException: java.io.IOException: org.apache.zookeeper.KeeperException$NoNodeException: KeeperErrorCode = NoNode for /hbase/master\nThu Feb 27 13:22:50 GMT 2025, RpcRetryingCaller{globalStartTime=1740662466525, pause=100, maxAttempts=16}, org.apache.hadoop.hbase.MasterNotRunningException: java.io.IOException: org.apache.zookeeper.KeeperException$NoNodeException: KeeperErrorCode = NoNode for /hbase/master\nThu Feb 27 13:23:09 GMT 2025, RpcRetryingCaller{globalStartTime=1740662466525, pause=100, maxAttempts=16}, org.apache.hadoop.hbase.MasterNotRunningException: java.io.IOException: org.apache.zookeeper.KeeperException$NoNodeException: KeeperErrorCode = NoNode for /hbase/master\n\n\tat org.apache.hadoop.hbase.client.RpcRetryingCallerImpl.callWithRetries(RpcRetryingCallerImpl.java:145)\n\tat org.apache.hadoop.hbase.client.HBaseAdmin.executeCallable(HBaseAdmin.java:3089)\n\tat org.apache.hadoop.hbase.client.HBaseAdmin.executeCallable(HBaseAdmin.java:3081)\n\tat org.apache.hadoop.hbase.client.HBaseAdmin.listTableNames(HBaseAdmin.java:509)\n\tat org.apache.hadoop.hbase.client.HBaseAdmin.listTableNames(HBaseAdmin.java:493)\n\tat org.apache.hadoop.hbase.thrift.ThriftServerRunner$HBaseHandler.getTableNames(ThriftServerRunner.java:916)\n\tat sun.reflect.NativeMethodAccessorImpl.invoke0(Native Method)\n\tat sun.reflect.NativeMethodAccessorImpl.invoke(NativeMethodAccessorImpl.java:62)\n\tat sun.reflect.DelegatingMethodAccessorImpl.invoke(DelegatingMethodAccessorImpl.java:43)\n\tat java.lang.reflect.Method.invoke(Method.java:498)\n\tat org.apache.hadoop.hbase.thrift.HbaseHandlerMetricsProxy.invoke(HbaseHandlerMetricsProxy.java:66)\n\tat com.sun.proxy.$Proxy10.getTableNames(Unknown Source)\n\tat org.apache.hadoop.hbase.thrift.generated.Hbase$Processor$getTableNames.getResult(Hbase.java:3871)\n\tat org.apache.hadoop.hbase.thrift.generated.Hbase$Processor$getTableNames.getResult(Hbase.java:3850)\n\tat org.apache.thrift.ProcessFunction.process(ProcessFunction.java:38)\n\tat org.apache.thrift.TBaseProcessor.process(TBaseProcessor.java:39)\n\tat org.apache.hadoop.hbase.thrift.TBoundedThreadPoolServer$ClientConnnection.run(TBoundedThreadPoolServer.java:293)\n\tat java.util.concurrent.ThreadPoolExecutor.runWorker(ThreadPoolExecutor.java:1149)\n\tat java.util.concurrent.ThreadPoolExecutor$Worker.run(ThreadPoolExecutor.java:624)\n\tat java.lang.Thread.run(Thread.java:748)\nCaused by: org.apache.hadoop.hbase.MasterNotRunningException: java.io.IOException: org.apache.zookeeper.KeeperException$NoNodeException: KeeperErrorCode = NoNode for /hbase/master\n\tat org.apache.hadoop.hbase.client.ConnectionImplementation$MasterServiceStubMaker.makeStub(ConnectionImplementation.java:1175)\n\tat org.apache.hadoop.hbase.client.ConnectionImplementation.getKeepAliveMasterService(ConnectionImplementation.java:1234)\n\tat org.apache.hadoop.hbase.client.ConnectionImplementation.getMaster(ConnectionImplementation.java:1223)\n\tat org.apache.hadoop.hbase.client.MasterCallable.prepare(MasterCallable.java:57)\n\tat org.apache.hadoop.hbase.client.RpcRetryingCallerImpl.callWithRetries(RpcRetryingCallerImpl.java:105)\n\t... 19 more\nCaused by: java.io.IOException: org.apache.zookeeper.KeeperException$NoNodeException: KeeperErrorCode = NoNode for /hbase/master\n\tat org.apache.hadoop.hbase.client.ConnectionImplementation.get(ConnectionImplementation.java:2012)\n\tat org.apache.hadoop.hbase.client.ConnectionImplementation.access$500(ConnectionImplementation.java:138)\n\tat org.apache.hadoop.hbase.client.ConnectionImplementation$MasterServiceStubMaker.makeStubNoRetries(ConnectionImplementation.java:1136)\n\tat org.apache.hadoop.hbase.client.ConnectionImplementation$MasterServiceStubMaker.makeStub(ConnectionImplementation.java:1169)\n\t... 23 more\nCaused by: org.apache.zookeeper.KeeperException$NoNodeException: KeeperErrorCode = NoNode for /hbase/master\n\tat org.apache.zookeeper.KeeperException.create(KeeperException.java:111)\n\tat org.apache.zookeeper.KeeperException.create(KeeperException.java:51)\n\tat org.apache.hadoop.hbase.zookeeper.ReadOnlyZKClient$ZKTask$1.exec(ReadOnlyZKClient.java:175)\n\tat org.apache.hadoop.hbase.zookeeper.ReadOnlyZKClient.run(ReadOnlyZKClient.java:330)\n\t... 1 more\n')

During handling of the above exception, another exception occurred:

Traceback (most recent call last):
  File "/home/airflow/.local/lib/python3.9/site-packages/airflow/operators/python.py", line 192, in execute
    return_value = self.execute_callable()
  File "/home/airflow/.local/lib/python3.9/site-packages/airflow/operators/python.py", line 209, in execute_callable
    return self.python_callable(*self.op_args, **self.op_kwargs)
  File "/opt/airflow/dags/load_data.py", line 91, in load_processed_data
    catchup=False,
airflow.exceptions.AirflowException: Failed to load data into HBase: IOError(message=b'org.apache.hadoop.hbase.client.RetriesExhaustedException: Failed after attempts=16, exceptions:\nThu Feb 27 13:21:06 GMT 2025, RpcRetryingCaller{globalStartTime=1740662466525, pause=100, maxAttempts=16}, org.apache.hadoop.hbase.MasterNotRunningException: java.io.IOException: org.apache.zookeeper.KeeperException$NoNodeException: KeeperErrorCode = NoNode for /hbase/master\nThu Feb 27 13:21:06 GMT 2025, RpcRetryingCaller{globalStartTime=1740662466525, pause=100, maxAttempts=16}, org.apache.hadoop.hbase.MasterNotRunningException: java.io.IOException: org.apache.zookeeper.KeeperException$NoNodeException: KeeperErrorCode = NoNode for /hbase/master\nThu Feb 27 13:21:06 GMT 2025, RpcRetryingCaller{globalStartTime=1740662466525, pause=100, maxAttempts=16}, org.apache.hadoop.hbase.MasterNotRunningException: java.io.IOException: org.apache.zookeeper.KeeperException$NoNodeException: KeeperErrorCode = NoNode for /hbase/master\nThu Feb 27 13:21:07 GMT 2025, RpcRetryingCaller{globalStartTime=1740662466525, pause=100, maxAttempts=16}, org.apache.hadoop.hbase.MasterNotRunningException: java.io.IOException: org.apache.zookeeper.KeeperException$NoNodeException: KeeperErrorCode = NoNode for /hbase/master\nThu Feb 27 13:21:07 GMT 2025, RpcRetryingCaller{globalStartTime=1740662466525, pause=100, maxAttempts=16}, org.apache.hadoop.hbase.MasterNotRunningException: java.io.IOException: org.apache.zookeeper.KeeperException$NoNodeException: KeeperErrorCode = NoNode for /hbase/master\nThu Feb 27 13:21:08 GMT 2025, RpcRetryingCaller{globalStartTime=1740662466525, pause=100, maxAttempts=16}, org.apache.hadoop.hbase.MasterNotRunningException: java.io.IOException: org.apache.zookeeper.KeeperException$NoNodeException: KeeperErrorCode = NoNode for /hbase/master\nThu Feb 27 13:21:10 GMT 2025, RpcRetryingCaller{globalStartTime=1740662466525, pause=100, maxAttempts=16}, org.apache.hadoop.hbase.MasterNotRunningException: java.io.IOException: org.apache.zookeeper.KeeperException$NoNodeException: KeeperErrorCode = NoNode for /hbase/master\nThu Feb 27 13:21:14 GMT 2025, RpcRetryingCaller{globalStartTime=1740662466525, pause=100, maxAttempts=16}, org.apache.hadoop.hbase.MasterNotRunningException: java.io.IOException: org.apache.zookeeper.KeeperException$NoNodeException: KeeperErrorCode = NoNode for /hbase/master\nThu Feb 27 13:21:24 GMT 2025, RpcRetryingCaller{globalStartTime=1740662466525, pause=100, maxAttempts=16}, org.apache.hadoop.hbase.MasterNotRunningException: java.io.IOException: org.apache.zookeeper.KeeperException$NoNodeException: KeeperErrorCode = NoNode for /hbase/master\nThu Feb 27 13:21:33 GMT 2025, RpcRetryingCaller{globalStartTime=1740662466525, pause=100, maxAttempts=16}, org.apache.hadoop.hbase.MasterNotRunningException: java.io.IOException: org.apache.zookeeper.KeeperException$NoNodeException: KeeperErrorCode = NoNode for /hbase/master\nThu Feb 27 13:21:43 GMT 2025, RpcRetryingCaller{globalStartTime=1740662466525, pause=100, maxAttempts=16}, org.apache.hadoop.hbase.MasterNotRunningException: java.io.IOException: org.apache.zookeeper.KeeperException$NoNodeException: KeeperErrorCode = NoNode for /hbase/master\nThu Feb 27 13:21:53 GMT 2025, RpcRetryingCaller{globalStartTime=1740662466525, pause=100, maxAttempts=16}, org.apache.hadoop.hbase.MasterNotRunningException: java.io.IOException: org.apache.zookeeper.KeeperException$NoNodeException: KeeperErrorCode = NoNode for /hbase/master\nThu Feb 27 13:22:12 GMT 2025, RpcRetryingCaller{globalStartTime=1740662466525, pause=100, maxAttempts=16}, org.apache.hadoop.hbase.MasterNotRunningException: java.io.IOException: org.apache.zookeeper.KeeperException$NoNodeException: KeeperErrorCode = NoNode for /hbase/master\nThu Feb 27 13:22:30 GMT 2025, RpcRetryingCaller{globalStartTime=1740662466525, pause=100, maxAttempts=16}, org.apache.hadoop.hbase.MasterNotRunningException: java.io.IOException: org.apache.zookeeper.KeeperException$NoNodeException: KeeperErrorCode = NoNode for /hbase/master\nThu Feb 27 13:22:50 GMT 2025, RpcRetryingCaller{globalStartTime=1740662466525, pause=100, maxAttempts=16}, org.apache.hadoop.hbase.MasterNotRunningException: java.io.IOException: org.apache.zookeeper.KeeperException$NoNodeException: KeeperErrorCode = NoNode for /hbase/master\nThu Feb 27 13:23:09 GMT 2025, RpcRetryingCaller{globalStartTime=1740662466525, pause=100, maxAttempts=16}, org.apache.hadoop.hbase.MasterNotRunningException: java.io.IOException: org.apache.zookeeper.KeeperException$NoNodeException: KeeperErrorCode = NoNode for /hbase/master\n\n\tat org.apache.hadoop.hbase.client.RpcRetryingCallerImpl.callWithRetries(RpcRetryingCallerImpl.java:145)\n\tat org.apache.hadoop.hbase.client.HBaseAdmin.executeCallable(HBaseAdmin.java:3089)\n\tat org.apache.hadoop.hbase.client.HBaseAdmin.executeCallable(HBaseAdmin.java:3081)\n\tat org.apache.hadoop.hbase.client.HBaseAdmin.listTableNames(HBaseAdmin.java:509)\n\tat org.apache.hadoop.hbase.client.HBaseAdmin.listTableNames(HBaseAdmin.java:493)\n\tat org.apache.hadoop.hbase.thrift.ThriftServerRunner$HBaseHandler.getTableNames(ThriftServerRunner.java:916)\n\tat sun.reflect.NativeMethodAccessorImpl.invoke0(Native Method)\n\tat sun.reflect.NativeMethodAccessorImpl.invoke(NativeMethodAccessorImpl.java:62)\n\tat sun.reflect.DelegatingMethodAccessorImpl.invoke(DelegatingMethodAccessorImpl.java:43)\n\tat java.lang.reflect.Method.invoke(Method.java:498)\n\tat org.apache.hadoop.hbase.thrift.HbaseHandlerMetricsProxy.invoke(HbaseHandlerMetricsProxy.java:66)\n\tat com.sun.proxy.$Proxy10.getTableNames(Unknown Source)\n\tat org.apache.hadoop.hbase.thrift.generated.Hbase$Processor$getTableNames.getResult(Hbase.java:3871)\n\tat org.apache.hadoop.hbase.thrift.generated.Hbase$Processor$getTableNames.getResult(Hbase.java:3850)\n\tat org.apache.thrift.ProcessFunction.process(ProcessFunction.java:38)\n\tat org.apache.thrift.TBaseProcessor.process(TBaseProcessor.java:39)\n\tat org.apache.hadoop.hbase.thrift.TBoundedThreadPoolServer$ClientConnnection.run(TBoundedThreadPoolServer.java:293)\n\tat java.util.concurrent.ThreadPoolExecutor.runWorker(ThreadPoolExecutor.java:1149)\n\tat java.util.concurrent.ThreadPoolExecutor$Worker.run(ThreadPoolExecutor.java:624)\n\tat java.lang.Thread.run(Thread.java:748)\nCaused by: org.apache.hadoop.hbase.MasterNotRunningException: java.io.IOException: org.apache.zookeeper.KeeperException$NoNodeException: KeeperErrorCode = NoNode for /hbase/master\n\tat org.apache.hadoop.hbase.client.ConnectionImplementation$MasterServiceStubMaker.makeStub(ConnectionImplementation.java:1175)\n\tat org.apache.hadoop.hbase.client.ConnectionImplementation.getKeepAliveMasterService(ConnectionImplementation.java:1234)\n\tat org.apache.hadoop.hbase.client.ConnectionImplementation.getMaster(ConnectionImplementation.java:1223)\n\tat org.apache.hadoop.hbase.client.MasterCallable.prepare(MasterCallable.java:57)\n\tat org.apache.hadoop.hbase.client.RpcRetryingCallerImpl.callWithRetries(RpcRetryingCallerImpl.java:105)\n\t... 19 more\nCaused by: java.io.IOException: org.apache.zookeeper.KeeperException$NoNodeException: KeeperErrorCode = NoNode for /hbase/master\n\tat org.apache.hadoop.hbase.client.ConnectionImplementation.get(ConnectionImplementation.java:2012)\n\tat org.apache.hadoop.hbase.client.ConnectionImplementation.access$500(ConnectionImplementation.java:138)\n\tat org.apache.hadoop.hbase.client.ConnectionImplementation$MasterServiceStubMaker.makeStubNoRetries(ConnectionImplementation.java:1136)\n\tat org.apache.hadoop.hbase.client.ConnectionImplementation$MasterServiceStubMaker.makeStub(ConnectionImplementation.java:1169)\n\t... 23 more\nCaused by: org.apache.zookeeper.KeeperException$NoNodeException: KeeperErrorCode = NoNode for /hbase/master\n\tat org.apache.zookeeper.KeeperException.create(KeeperException.java:111)\n\tat org.apache.zookeeper.KeeperException.create(KeeperException.java:51)\n\tat org.apache.hadoop.hbase.zookeeper.ReadOnlyZKClient$ZKTask$1.exec(ReadOnlyZKClient.java:175)\n\tat org.apache.hadoop.hbase.zookeeper.ReadOnlyZKClient.run(ReadOnlyZKClient.java:330)\n\t... 1 more\n')
[2025-02-27T13:23:09.185+0000] {taskinstance.py:1400} INFO - Marking task as FAILED. dag_id=load_to_hbase, task_id=load_into_hbase, execution_date=20250226T000000, start_date=20250227T132100, end_date=20250227T132309
[2025-02-27T13:23:09.206+0000] {standard_task_runner.py:104} ERROR - Failed to execute job 5 for task load_into_hbase (Failed to load data into HBase: IOError(message=b'org.apache.hadoop.hbase.client.RetriesExhaustedException: Failed after attempts=16, exceptions:\nThu Feb 27 13:21:06 GMT 2025, RpcRetryingCaller{globalStartTime=1740662466525, pause=100, maxAttempts=16}, org.apache.hadoop.hbase.MasterNotRunningException: java.io.IOException: org.apache.zookeeper.KeeperException$NoNodeException: KeeperErrorCode = NoNode for /hbase/master\nThu Feb 27 13:21:06 GMT 2025, RpcRetryingCaller{globalStartTime=1740662466525, pause=100, maxAttempts=16}, org.apache.hadoop.hbase.MasterNotRunningException: java.io.IOException: org.apache.zookeeper.KeeperException$NoNodeException: KeeperErrorCode = NoNode for /hbase/master\nThu Feb 27 13:21:06 GMT 2025, RpcRetryingCaller{globalStartTime=1740662466525, pause=100, maxAttempts=16}, org.apache.hadoop.hbase.MasterNotRunningException: java.io.IOException: org.apache.zookeeper.KeeperException$NoNodeException: KeeperErrorCode = NoNode for /hbase/master\nThu Feb 27 13:21:07 GMT 2025, RpcRetryingCaller{globalStartTime=1740662466525, pause=100, maxAttempts=16}, org.apache.hadoop.hbase.MasterNotRunningException: java.io.IOException: org.apache.zookeeper.KeeperException$NoNodeException: KeeperErrorCode = NoNode for /hbase/master\nThu Feb 27 13:21:07 GMT 2025, RpcRetryingCaller{globalStartTime=1740662466525, pause=100, maxAttempts=16}, org.apache.hadoop.hbase.MasterNotRunningException: java.io.IOException: org.apache.zookeeper.KeeperException$NoNodeException: KeeperErrorCode = NoNode for /hbase/master\nThu Feb 27 13:21:08 GMT 2025, RpcRetryingCaller{globalStartTime=1740662466525, pause=100, maxAttempts=16}, org.apache.hadoop.hbase.MasterNotRunningException: java.io.IOException: org.apache.zookeeper.KeeperException$NoNodeException: KeeperErrorCode = NoNode for /hbase/master\nThu Feb 27 13:21:10 GMT 2025, RpcRetryingCaller{globalStartTime=1740662466525, pause=100, maxAttempts=16}, org.apache.hadoop.hbase.MasterNotRunningException: java.io.IOException: org.apache.zookeeper.KeeperException$NoNodeException: KeeperErrorCode = NoNode for /hbase/master\nThu Feb 27 13:21:14 GMT 2025, RpcRetryingCaller{globalStartTime=1740662466525, pause=100, maxAttempts=16}, org.apache.hadoop.hbase.MasterNotRunningException: java.io.IOException: org.apache.zookeeper.KeeperException$NoNodeException: KeeperErrorCode = NoNode for /hbase/master\nThu Feb 27 13:21:24 GMT 2025, RpcRetryingCaller{globalStartTime=1740662466525, pause=100, maxAttempts=16}, org.apache.hadoop.hbase.MasterNotRunningException: java.io.IOException: org.apache.zookeeper.KeeperException$NoNodeException: KeeperErrorCode = NoNode for /hbase/master\nThu Feb 27 13:21:33 GMT 2025, RpcRetryingCaller{globalStartTime=1740662466525, pause=100, maxAttempts=16}, org.apache.hadoop.hbase.MasterNotRunningException: java.io.IOException: org.apache.zookeeper.KeeperException$NoNodeException: KeeperErrorCode = NoNode for /hbase/master\nThu Feb 27 13:21:43 GMT 2025, RpcRetryingCaller{globalStartTime=1740662466525, pause=100, maxAttempts=16}, org.apache.hadoop.hbase.MasterNotRunningException: java.io.IOException: org.apache.zookeeper.KeeperException$NoNodeException: KeeperErrorCode = NoNode for /hbase/master\nThu Feb 27 13:21:53 GMT 2025, RpcRetryingCaller{globalStartTime=1740662466525, pause=100, maxAttempts=16}, org.apache.hadoop.hbase.MasterNotRunningException: java.io.IOException: org.apache.zookeeper.KeeperException$NoNodeException: KeeperErrorCode = NoNode for /hbase/master\nThu Feb 27 13:22:12 GMT 2025, RpcRetryingCaller{globalStartTime=1740662466525, pause=100, maxAttempts=16}, org.apache.hadoop.hbase.MasterNotRunningException: java.io.IOException: org.apache.zookeeper.KeeperException$NoNodeException: KeeperErrorCode = NoNode for /hbase/master\nThu Feb 27 13:22:30 GMT 2025, RpcRetryingCaller{globalStartTime=1740662466525, pause=100, maxAttempts=16}, org.apache.hadoop.hbase.MasterNotRunningException: java.io.IOException: org.apache.zookeeper.KeeperException$NoNodeException: KeeperErrorCode = NoNode for /hbase/master\nThu Feb 27 13:22:50 GMT 2025, RpcRetryingCaller{globalStartTime=1740662466525, pause=100, maxAttempts=16}, org.apache.hadoop.hbase.MasterNotRunningException: java.io.IOException: org.apache.zookeeper.KeeperException$NoNodeException: KeeperErrorCode = NoNode for /hbase/master\nThu Feb 27 13:23:09 GMT 2025, RpcRetryingCaller{globalStartTime=1740662466525, pause=100, maxAttempts=16}, org.apache.hadoop.hbase.MasterNotRunningException: java.io.IOException: org.apache.zookeeper.KeeperException$NoNodeException: KeeperErrorCode = NoNode for /hbase/master\n\n\tat org.apache.hadoop.hbase.client.RpcRetryingCallerImpl.callWithRetries(RpcRetryingCallerImpl.java:145)\n\tat org.apache.hadoop.hbase.client.HBaseAdmin.executeCallable(HBaseAdmin.java:3089)\n\tat org.apache.hadoop.hbase.client.HBaseAdmin.executeCallable(HBaseAdmin.java:3081)\n\tat org.apache.hadoop.hbase.client.HBaseAdmin.listTableNames(HBaseAdmin.java:509)\n\tat org.apache.hadoop.hbase.client.HBaseAdmin.listTableNames(HBaseAdmin.java:493)\n\tat org.apache.hadoop.hbase.thrift.ThriftServerRunner$HBaseHandler.getTableNames(ThriftServerRunner.java:916)\n\tat sun.reflect.NativeMethodAccessorImpl.invoke0(Native Method)\n\tat sun.reflect.NativeMethodAccessorImpl.invoke(NativeMethodAccessorImpl.java:62)\n\tat sun.reflect.DelegatingMethodAccessorImpl.invoke(DelegatingMethodAccessorImpl.java:43)\n\tat java.lang.reflect.Method.invoke(Method.java:498)\n\tat org.apache.hadoop.hbase.thrift.HbaseHandlerMetricsProxy.invoke(HbaseHandlerMetricsProxy.java:66)\n\tat com.sun.proxy.$Proxy10.getTableNames(Unknown Source)\n\tat org.apache.hadoop.hbase.thrift.generated.Hbase$Processor$getTableNames.getResult(Hbase.java:3871)\n\tat org.apache.hadoop.hbase.thrift.generated.Hbase$Processor$getTableNames.getResult(Hbase.java:3850)\n\tat org.apache.thrift.ProcessFunction.process(ProcessFunction.java:38)\n\tat org.apache.thrift.TBaseProcessor.process(TBaseProcessor.java:39)\n\tat org.apache.hadoop.hbase.thrift.TBoundedThreadPoolServer$ClientConnnection.run(TBoundedThreadPoolServer.java:293)\n\tat java.util.concurrent.ThreadPoolExecutor.runWorker(ThreadPoolExecutor.java:1149)\n\tat java.util.concurrent.ThreadPoolExecutor$Worker.run(ThreadPoolExecutor.java:624)\n\tat java.lang.Thread.run(Thread.java:748)\nCaused by: org.apache.hadoop.hbase.MasterNotRunningException: java.io.IOException: org.apache.zookeeper.KeeperException$NoNodeException: KeeperErrorCode = NoNode for /hbase/master\n\tat org.apache.hadoop.hbase.client.ConnectionImplementation$MasterServiceStubMaker.makeStub(ConnectionImplementation.java:1175)\n\tat org.apache.hadoop.hbase.client.ConnectionImplementation.getKeepAliveMasterService(ConnectionImplementation.java:1234)\n\tat org.apache.hadoop.hbase.client.ConnectionImplementation.getMaster(ConnectionImplementation.java:1223)\n\tat org.apache.hadoop.hbase.client.MasterCallable.prepare(MasterCallable.java:57)\n\tat org.apache.hadoop.hbase.client.RpcRetryingCallerImpl.callWithRetries(RpcRetryingCallerImpl.java:105)\n\t... 19 more\nCaused by: java.io.IOException: org.apache.zookeeper.KeeperException$NoNodeException: KeeperErrorCode = NoNode for /hbase/master\n\tat org.apache.hadoop.hbase.client.ConnectionImplementation.get(ConnectionImplementation.java:2012)\n\tat org.apache.hadoop.hbase.client.ConnectionImplementation.access$500(ConnectionImplementation.java:138)\n\tat org.apache.hadoop.hbase.client.ConnectionImplementation$MasterServiceStubMaker.makeStubNoRetries(ConnectionImplementation.java:1136)\n\tat org.apache.hadoop.hbase.client.ConnectionImplementation$MasterServiceStubMaker.makeStub(ConnectionImplementation.java:1169)\n\t... 23 more\nCaused by: org.apache.zookeeper.KeeperException$NoNodeException: KeeperErrorCode = NoNode for /hbase/master\n\tat org.apache.zookeeper.KeeperException.create(KeeperException.java:111)\n\tat org.apache.zookeeper.KeeperException.create(KeeperException.java:51)\n\tat org.apache.hadoop.hbase.zookeeper.ReadOnlyZKClient$ZKTask$1.exec(ReadOnlyZKClient.java:175)\n\tat org.apache.hadoop.hbase.zookeeper.ReadOnlyZKClient.run(ReadOnlyZKClient.java:330)\n\t... 1 more\n'); 557)
[2025-02-27T13:23:09.247+0000] {local_task_job_runner.py:228} INFO - Task exited with return code 1
[2025-02-27T13:23:09.267+0000] {taskinstance.py:2784} INFO - 0 downstream tasks scheduled from follow-on schedule check
